Started GET "/" for 127.0.0.1 at 2019-02-16 16:21:40 -0600
  
ActionController::RoutingError (uninitialized constant WelcomeController):
  
bootsnap (1.3.2) lib/bootsnap/load_path_cache/core_ext/active_support.rb:74:in `block in load_missing_constant'
bootsnap (1.3.2) lib/bootsnap/load_path_cache/core_ext/active_support.rb:8:in `without_bootsnap_cache'
bootsnap (1.3.2) lib/bootsnap/load_path_cache/core_ext/active_support.rb:74:in `rescue in load_missing_constant'
bootsnap (1.3.2) lib/bootsnap/load_path_cache/core_ext/active_support.rb:56:in `load_missing_constant'
activesupport (5.2.2) lib/active_support/inflector/methods.rb:283:in `const_get'
activesupport (5.2.2) lib/active_support/inflector/methods.rb:283:in `block in constantize'
activesupport (5.2.2) lib/active_support/inflector/methods.rb:281:in `each'
activesupport (5.2.2) lib/active_support/inflector/methods.rb:281:in `inject'
activesupport (5.2.2) lib/active_support/inflector/methods.rb:281:in `constantize'
actionpack (5.2.2) lib/action_dispatch/http/request.rb:88:in `controller_class_for'
actionpack (5.2.2) lib/action_dispatch/http/request.rb:81:in `controller_class'
actionpack (5.2.2) lib/action_dispatch/routing/route_set.rb:46:in `controller'
actionpack (5.2.2) lib/action_dispatch/routing/route_set.rb:32:in `serve'
actionpack (5.2.2) lib/action_dispatch/journey/router.rb:52:in `block in serve'
actionpack (5.2.2) lib/action_dispatch/journey/router.rb:35:in `each'
actionpack (5.2.2) lib/action_dispatch/journey/router.rb:35:in `serve'
actionpack (5.2.2) lib/action_dispatch/routing/route_set.rb:840:in `call'
rack (2.0.6) lib/rack/tempfile_reaper.rb:15:in `call'
rack (2.0.6) lib/rack/etag.rb:25:in `call'
rack (2.0.6) lib/rack/conditional_get.rb:25:in `call'
rack (2.0.6) lib/rack/head.rb:12:in `call'
actionpack (5.2.2) lib/action_dispatch/http/content_security_policy.rb:18:in `call'
rack (2.0.6) lib/rack/session/abstract/id.rb:232:in `context'
rack (2.0.6) lib/rack/session/abstract/id.rb:226:in `call'
actionpack (5.2.2) lib/action_dispatch/middleware/cookies.rb:670:in `call'
activerecord (5.2.2) lib/active_record/migration.rb:559:in `call'
actionpack (5.2.2) lib/action_dispatch/middleware/callbacks.rb:28:in `block in call'
activesupport (5.2.2) lib/active_support/callbacks.rb:98:in `run_callbacks'
actionpack (5.2.2) lib/action_dispatch/middleware/callbacks.rb:26:in `call'
actionpack (5.2.2) lib/action_dispatch/middleware/executor.rb:14:in `call'
actionpack (5.2.2) lib/action_dispatch/middleware/debug_exceptions.rb:61:in `call'
web-console (3.7.0) lib/web_console/middleware.rb:135:in `call_app'
web-console (3.7.0) lib/web_console/middleware.rb:30:in `block in call'
web-console (3.7.0) lib/web_console/middleware.rb:20:in `catch'
web-console (3.7.0) lib/web_console/middleware.rb:20:in `call'
actionpack (5.2.2) lib/action_dispatch/middleware/show_exceptions.rb:33:in `call'
railties (5.2.2) lib/rails/rack/logger.rb:38:in `call_app'
railties (5.2.2) lib/rails/rack/logger.rb:26:in `block in call'
activesupport (5.2.2) lib/active_support/tagged_logging.rb:71:in `block in tagged'
activesupport (5.2.2) lib/active_support/tagged_logging.rb:28:in `tagged'
activesupport (5.2.2) lib/active_support/tagged_logging.rb:71:in `tagged'
railties (5.2.2) lib/rails/rack/logger.rb:26:in `call'
sprockets-rails (3.2.1) lib/sprockets/rails/quiet_assets.rb:13:in `call'
actionpack (5.2.2) lib/action_dispatch/middleware/remote_ip.rb:81:in `call'
actionpack (5.2.2) lib/action_dispatch/middleware/request_id.rb:27:in `call'
rack (2.0.6) lib/rack/method_override.rb:22:in `call'
rack (2.0.6) lib/rack/runtime.rb:22:in `call'
activesupport (5.2.2) lib/active_support/cache/strategy/local_cache_middleware.rb:29:in `call'
actionpack (5.2.2) lib/action_dispatch/middleware/executor.rb:14:in `call'
actionpack (5.2.2) lib/action_dispatch/middleware/static.rb:127:in `call'
rack (2.0.6) lib/rack/sendfile.rb:111:in `call'
railties (5.2.2) lib/rails/engine.rb:524:in `call'
puma (3.12.0) lib/puma/configuration.rb:225:in `call'
puma (3.12.0) lib/puma/server.rb:658:in `handle_request'
puma (3.12.0) lib/puma/server.rb:472:in `process_client'
puma (3.12.0) lib/puma/server.rb:332:in `block in run'
puma (3.12.0) lib/puma/thread_pool.rb:133:in `block in spawn_thread'
Started GET "/" for 127.0.0.1 at 2019-02-16 16:29:06 -0600
Processing by WelcomeController#index as HTML
  Rendering welcome/index.html.erb within layouts/application
  Rendered welcome/index.html.erb within layouts/application (1.7ms)
Completed 200 OK in 2055ms (Views: 2045.9ms | ActiveRecord: 0.0ms)


Started POST "/welcome/index?method=run" for 127.0.0.1 at 2019-02-16 16:29:15 -0600
  
ActionController::RoutingError (No route matches [POST] "/welcome/index"):
  
actionpack (5.2.2) lib/action_dispatch/middleware/debug_exceptions.rb:65:in `call'
web-console (3.7.0) lib/web_console/middleware.rb:135:in `call_app'
web-console (3.7.0) lib/web_console/middleware.rb:30:in `block in call'
web-console (3.7.0) lib/web_console/middleware.rb:20:in `catch'
web-console (3.7.0) lib/web_console/middleware.rb:20:in `call'
actionpack (5.2.2) lib/action_dispatch/middleware/show_exceptions.rb:33:in `call'
railties (5.2.2) lib/rails/rack/logger.rb:38:in `call_app'
railties (5.2.2) lib/rails/rack/logger.rb:26:in `block in call'
activesupport (5.2.2) lib/active_support/tagged_logging.rb:71:in `block in tagged'
activesupport (5.2.2) lib/active_support/tagged_logging.rb:28:in `tagged'
activesupport (5.2.2) lib/active_support/tagged_logging.rb:71:in `tagged'
railties (5.2.2) lib/rails/rack/logger.rb:26:in `call'
sprockets-rails (3.2.1) lib/sprockets/rails/quiet_assets.rb:13:in `call'
actionpack (5.2.2) lib/action_dispatch/middleware/remote_ip.rb:81:in `call'
actionpack (5.2.2) lib/action_dispatch/middleware/request_id.rb:27:in `call'
rack (2.0.6) lib/rack/method_override.rb:22:in `call'
rack (2.0.6) lib/rack/runtime.rb:22:in `call'
activesupport (5.2.2) lib/active_support/cache/strategy/local_cache_middleware.rb:29:in `call'
actionpack (5.2.2) lib/action_dispatch/middleware/executor.rb:14:in `call'
actionpack (5.2.2) lib/action_dispatch/middleware/static.rb:127:in `call'
rack (2.0.6) lib/rack/sendfile.rb:111:in `call'
railties (5.2.2) lib/rails/engine.rb:524:in `call'
puma (3.12.0) lib/puma/configuration.rb:225:in `call'
puma (3.12.0) lib/puma/server.rb:658:in `handle_request'
puma (3.12.0) lib/puma/server.rb:472:in `process_client'
puma (3.12.0) lib/puma/server.rb:332:in `block in run'
puma (3.12.0) lib/puma/thread_pool.rb:133:in `block in spawn_thread'
Started GET "/" for 127.0.0.1 at 2019-02-16 16:31:14 -0600
Processing by ExecutiveController#index as HTML
  Rendering executive/index.html.erb within layouts/application
  Rendered executive/index.html.erb within layouts/application (1.7ms)
Completed 200 OK in 247ms (Views: 237.8ms | ActiveRecord: 0.0ms)


Started POST "/executive/index?method=run" for 127.0.0.1 at 2019-02-16 16:31:19 -0600
  
ActionController::RoutingError (No route matches [POST] "/executive/index"):
  
actionpack (5.2.2) lib/action_dispatch/middleware/debug_exceptions.rb:65:in `call'
web-console (3.7.0) lib/web_console/middleware.rb:135:in `call_app'
web-console (3.7.0) lib/web_console/middleware.rb:30:in `block in call'
web-console (3.7.0) lib/web_console/middleware.rb:20:in `catch'
web-console (3.7.0) lib/web_console/middleware.rb:20:in `call'
actionpack (5.2.2) lib/action_dispatch/middleware/show_exceptions.rb:33:in `call'
railties (5.2.2) lib/rails/rack/logger.rb:38:in `call_app'
railties (5.2.2) lib/rails/rack/logger.rb:26:in `block in call'
activesupport (5.2.2) lib/active_support/tagged_logging.rb:71:in `block in tagged'
activesupport (5.2.2) lib/active_support/tagged_logging.rb:28:in `tagged'
activesupport (5.2.2) lib/active_support/tagged_logging.rb:71:in `tagged'
railties (5.2.2) lib/rails/rack/logger.rb:26:in `call'
sprockets-rails (3.2.1) lib/sprockets/rails/quiet_assets.rb:13:in `call'
actionpack (5.2.2) lib/action_dispatch/middleware/remote_ip.rb:81:in `call'
actionpack (5.2.2) lib/action_dispatch/middleware/request_id.rb:27:in `call'
rack (2.0.6) lib/rack/method_override.rb:22:in `call'
rack (2.0.6) lib/rack/runtime.rb:22:in `call'
activesupport (5.2.2) lib/active_support/cache/strategy/local_cache_middleware.rb:29:in `call'
actionpack (5.2.2) lib/action_dispatch/middleware/executor.rb:14:in `call'
actionpack (5.2.2) lib/action_dispatch/middleware/static.rb:127:in `call'
rack (2.0.6) lib/rack/sendfile.rb:111:in `call'
railties (5.2.2) lib/rails/engine.rb:524:in `call'
puma (3.12.0) lib/puma/configuration.rb:225:in `call'
puma (3.12.0) lib/puma/server.rb:658:in `handle_request'
puma (3.12.0) lib/puma/server.rb:472:in `process_client'
puma (3.12.0) lib/puma/server.rb:332:in `block in run'
puma (3.12.0) lib/puma/thread_pool.rb:133:in `block in spawn_thread'
Started GET "/" for 127.0.0.1 at 2019-02-16 16:41:34 -0600
  
SyntaxError (/home/n545n545/EECS-448-Minesweeper/config/routes.rb:5: syntax error, unexpected tIDENTIFIER, expecting keyword_end
...'executive#button`, as: 'button`
...                         ^~~~~~
/home/n545n545/EECS-448-Minesweeper/config/routes.rb:6: unterminated string meets end of file):
  
config/routes.rb:5: syntax error, unexpected tIDENTIFIER, expecting keyword_end
config/routes.rb:6: unterminated string meets end of file
Started GET "/" for 127.0.0.1 at 2019-02-16 16:42:33 -0600
Processing by ExecutiveController#index as HTML
  Rendering executive/index.html.erb within layouts/application
  Rendered executive/index.html.erb within layouts/application (0.9ms)
Completed 200 OK in 24ms (Views: 23.0ms | ActiveRecord: 0.0ms)


Started POST "/button" for 127.0.0.1 at 2019-02-16 16:42:36 -0600
  
ActionController::RoutingError (No route matches [POST] "/button"):
  
actionpack (5.2.2) lib/action_dispatch/middleware/debug_exceptions.rb:65:in `call'
web-console (3.7.0) lib/web_console/middleware.rb:135:in `call_app'
web-console (3.7.0) lib/web_console/middleware.rb:30:in `block in call'
web-console (3.7.0) lib/web_console/middleware.rb:20:in `catch'
web-console (3.7.0) lib/web_console/middleware.rb:20:in `call'
actionpack (5.2.2) lib/action_dispatch/middleware/show_exceptions.rb:33:in `call'
railties (5.2.2) lib/rails/rack/logger.rb:38:in `call_app'
railties (5.2.2) lib/rails/rack/logger.rb:26:in `block in call'
activesupport (5.2.2) lib/active_support/tagged_logging.rb:71:in `block in tagged'
activesupport (5.2.2) lib/active_support/tagged_logging.rb:28:in `tagged'
activesupport (5.2.2) lib/active_support/tagged_logging.rb:71:in `tagged'
railties (5.2.2) lib/rails/rack/logger.rb:26:in `call'
sprockets-rails (3.2.1) lib/sprockets/rails/quiet_assets.rb:13:in `call'
actionpack (5.2.2) lib/action_dispatch/middleware/remote_ip.rb:81:in `call'
actionpack (5.2.2) lib/action_dispatch/middleware/request_id.rb:27:in `call'
rack (2.0.6) lib/rack/method_override.rb:22:in `call'
rack (2.0.6) lib/rack/runtime.rb:22:in `call'
activesupport (5.2.2) lib/active_support/cache/strategy/local_cache_middleware.rb:29:in `call'
actionpack (5.2.2) lib/action_dispatch/middleware/executor.rb:14:in `call'
actionpack (5.2.2) lib/action_dispatch/middleware/static.rb:127:in `call'
rack (2.0.6) lib/rack/sendfile.rb:111:in `call'
railties (5.2.2) lib/rails/engine.rb:524:in `call'
puma (3.12.0) lib/puma/configuration.rb:225:in `call'
puma (3.12.0) lib/puma/server.rb:658:in `handle_request'
puma (3.12.0) lib/puma/server.rb:472:in `process_client'
puma (3.12.0) lib/puma/server.rb:332:in `block in run'
puma (3.12.0) lib/puma/thread_pool.rb:133:in `block in spawn_thread'
Started GET "/" for 127.0.0.1 at 2019-02-16 16:44:53 -0600
Processing by ExecutiveController#index as HTML
  Rendering executive/index.html.erb within layouts/application
  Rendered executive/index.html.erb within layouts/application (0.9ms)
Completed 200 OK in 27ms (Views: 25.3ms | ActiveRecord: 0.0ms)


Started POST "/run" for 127.0.0.1 at 2019-02-16 16:44:55 -0600
  
ActionController::RoutingError (No route matches [POST] "/run"):
  
actionpack (5.2.2) lib/action_dispatch/middleware/debug_exceptions.rb:65:in `call'
web-console (3.7.0) lib/web_console/middleware.rb:135:in `call_app'
web-console (3.7.0) lib/web_console/middleware.rb:30:in `block in call'
web-console (3.7.0) lib/web_console/middleware.rb:20:in `catch'
web-console (3.7.0) lib/web_console/middleware.rb:20:in `call'
actionpack (5.2.2) lib/action_dispatch/middleware/show_exceptions.rb:33:in `call'
railties (5.2.2) lib/rails/rack/logger.rb:38:in `call_app'
railties (5.2.2) lib/rails/rack/logger.rb:26:in `block in call'
activesupport (5.2.2) lib/active_support/tagged_logging.rb:71:in `block in tagged'
activesupport (5.2.2) lib/active_support/tagged_logging.rb:28:in `tagged'
activesupport (5.2.2) lib/active_support/tagged_logging.rb:71:in `tagged'
railties (5.2.2) lib/rails/rack/logger.rb:26:in `call'
sprockets-rails (3.2.1) lib/sprockets/rails/quiet_assets.rb:13:in `call'
actionpack (5.2.2) lib/action_dispatch/middleware/remote_ip.rb:81:in `call'
actionpack (5.2.2) lib/action_dispatch/middleware/request_id.rb:27:in `call'
rack (2.0.6) lib/rack/method_override.rb:22:in `call'
rack (2.0.6) lib/rack/runtime.rb:22:in `call'
activesupport (5.2.2) lib/active_support/cache/strategy/local_cache_middleware.rb:29:in `call'
actionpack (5.2.2) lib/action_dispatch/middleware/executor.rb:14:in `call'
actionpack (5.2.2) lib/action_dispatch/middleware/static.rb:127:in `call'
rack (2.0.6) lib/rack/sendfile.rb:111:in `call'
railties (5.2.2) lib/rails/engine.rb:524:in `call'
puma (3.12.0) lib/puma/configuration.rb:225:in `call'
puma (3.12.0) lib/puma/server.rb:658:in `handle_request'
puma (3.12.0) lib/puma/server.rb:472:in `process_client'
puma (3.12.0) lib/puma/server.rb:332:in `block in run'
puma (3.12.0) lib/puma/thread_pool.rb:133:in `block in spawn_thread'
Started GET "/" for 127.0.0.1 at 2019-02-16 16:46:10 -0600
Processing by ExecutiveController#index as HTML
  Rendering executive/index.html.erb within layouts/application
  Rendered executive/index.html.erb within layouts/application (274.5ms)
Completed 500 Internal Server Error in 278ms (ActiveRecord: 0.0ms)


  
ActionView::Template::Error (undefined local variable or method `run' for #<#<Class:0x00007ff0bc2c2270>:0x00007ff0c04386f0>):
    12:     <input type = "submit" value = "Submit">
    13:     <div id = "board"/>
    14:   </form>
    15:   <%= button_to 'Press me', run %>
    16:   <%= @m_rows %>
    17: </body>
    18: </html>
  
app/views/executive/index.html.erb:15:in `_app_views_executive_index_html_erb___3730542242153587768_70335997265920'
Started GET "/" for 127.0.0.1 at 2019-02-16 16:46:12 -0600
Processing by ExecutiveController#index as HTML
  Rendering executive/index.html.erb within layouts/application
  Rendered executive/index.html.erb within layouts/application (304.3ms)
Completed 500 Internal Server Error in 308ms (ActiveRecord: 0.0ms)


  
ActionView::Template::Error (undefined local variable or method `run' for #<#<Class:0x00007ff0bc2c2270>:0x00007ff0cddf48a8>):
    12:     <input type = "submit" value = "Submit">
    13:     <div id = "board"/>
    14:   </form>
    15:   <%= button_to 'Press me', run %>
    16:   <%= @m_rows %>
    17: </body>
    18: </html>
  
app/views/executive/index.html.erb:15:in `_app_views_executive_index_html_erb___3730542242153587768_70336111421660'
Started GET "/" for 127.0.0.1 at 2019-02-16 16:47:18 -0600
Processing by ExecutiveController#index as HTML
  Rendering executive/index.html.erb within layouts/application
  Rendered executive/index.html.erb within layouts/application (268.3ms)
Completed 500 Internal Server Error in 271ms (ActiveRecord: 0.0ms)


  
ActionView::Template::Error (undefined local variable or method `run_path' for #<#<Class:0x00007ff0bc2c2270>:0x00007ff0b821ec00>):
    12:     <input type = "submit" value = "Submit">
    13:     <div id = "board"/>
    14:   </form>
    15:   <%= button_to 'Press me', run_path %>
    16:   <%= @m_rows %>
    17: </body>
    18: </html>
  
app/views/executive/index.html.erb:15:in `_app_views_executive_index_html_erb___3730542242153587768_70335929055880'
Started GET "/" for 127.0.0.1 at 2019-02-16 16:47:34 -0600
Processing by ExecutiveController#index as HTML
  Rendering executive/index.html.erb within layouts/application
  Rendered executive/index.html.erb within layouts/application (0.9ms)
Completed 200 OK in 28ms (Views: 26.6ms | ActiveRecord: 0.0ms)


Started POST "/run" for 127.0.0.1 at 2019-02-16 16:47:38 -0600
  
ActionController::RoutingError (No route matches [POST] "/run"):
  
actionpack (5.2.2) lib/action_dispatch/middleware/debug_exceptions.rb:65:in `call'
web-console (3.7.0) lib/web_console/middleware.rb:135:in `call_app'
web-console (3.7.0) lib/web_console/middleware.rb:30:in `block in call'
web-console (3.7.0) lib/web_console/middleware.rb:20:in `catch'
web-console (3.7.0) lib/web_console/middleware.rb:20:in `call'
actionpack (5.2.2) lib/action_dispatch/middleware/show_exceptions.rb:33:in `call'
railties (5.2.2) lib/rails/rack/logger.rb:38:in `call_app'
railties (5.2.2) lib/rails/rack/logger.rb:26:in `block in call'
activesupport (5.2.2) lib/active_support/tagged_logging.rb:71:in `block in tagged'
activesupport (5.2.2) lib/active_support/tagged_logging.rb:28:in `tagged'
activesupport (5.2.2) lib/active_support/tagged_logging.rb:71:in `tagged'
railties (5.2.2) lib/rails/rack/logger.rb:26:in `call'
sprockets-rails (3.2.1) lib/sprockets/rails/quiet_assets.rb:13:in `call'
actionpack (5.2.2) lib/action_dispatch/middleware/remote_ip.rb:81:in `call'
actionpack (5.2.2) lib/action_dispatch/middleware/request_id.rb:27:in `call'
rack (2.0.6) lib/rack/method_override.rb:22:in `call'
rack (2.0.6) lib/rack/runtime.rb:22:in `call'
activesupport (5.2.2) lib/active_support/cache/strategy/local_cache_middleware.rb:29:in `call'
actionpack (5.2.2) lib/action_dispatch/middleware/executor.rb:14:in `call'
actionpack (5.2.2) lib/action_dispatch/middleware/static.rb:127:in `call'
rack (2.0.6) lib/rack/sendfile.rb:111:in `call'
railties (5.2.2) lib/rails/engine.rb:524:in `call'
puma (3.12.0) lib/puma/configuration.rb:225:in `call'
puma (3.12.0) lib/puma/server.rb:658:in `handle_request'
puma (3.12.0) lib/puma/server.rb:472:in `process_client'
puma (3.12.0) lib/puma/server.rb:332:in `block in run'
puma (3.12.0) lib/puma/thread_pool.rb:133:in `block in spawn_thread'
Started GET "/" for 127.0.0.1 at 2019-02-16 16:49:08 -0600
Processing by ExecutiveController#index as HTML
  Rendering executive/index.html.erb within layouts/application
  Rendered executive/index.html.erb within layouts/application (287.2ms)
Completed 500 Internal Server Error in 290ms (ActiveRecord: 0.0ms)


  
ActionView::Template::Error (undefined local variable or method `run_path' for #<#<Class:0x00007ff0bc2c2270>:0x00007ff0cdf8f550>):
    12:     <input type = "submit" value = "Submit">
    13:     <div id = "board"/>
    14:   </form>
    15:   <%= button_to 'Press me', run_path %>
    16:   <%= @m_rows %>
    17: </body>
    18: </html>
  
app/views/executive/index.html.erb:15:in `_app_views_executive_index_html_erb___3730542242153587768_70336112328120'
Started GET "/" for 127.0.0.1 at 2019-02-16 16:49:46 -0600
Processing by ExecutiveController#index as HTML
  Rendering executive/index.html.erb within layouts/application
  Rendered executive/index.html.erb within layouts/application (283.1ms)
Completed 500 Internal Server Error in 287ms (ActiveRecord: 0.0ms)


  
ActionView::Template::Error (undefined local variable or method `run' for #<#<Class:0x00007ff0bc2c2270>:0x00007ff0bc19afa0>):
    12:     <input type = "submit" value = "Submit">
    13:     <div id = "board"/>
    14:   </form>
    15:   <%= button_to 'Press me', run %>
    16:   <%= @m_rows %>
    17: </body>
    18: </html>
  
app/views/executive/index.html.erb:15:in `_app_views_executive_index_html_erb___3730542242153587768_70335962340460'
Started GET "/" for 127.0.0.1 at 2019-02-16 16:50:30 -0600
Processing by ExecutiveController#index as HTML
  Rendering executive/index.html.erb within layouts/application
  Rendered executive/index.html.erb within layouts/application (258.3ms)
Completed 500 Internal Server Error in 262ms (ActiveRecord: 0.0ms)


  
ActionView::Template::Error (undefined local variable or method `run' for #<#<Class:0x00007ff0bc2cc7c0>:0x00007ff0bc2c2ce8>):
    12:     <input type = "submit" value = "Submit">
    13:     <div id = "board"/>
    14:   </form>
    15:   <%= button_to 'Press me', run %>
    16:   <%= @m_rows %>
    17: </body>
    18: </html>
  
app/views/executive/index.html.erb:15:in `_app_views_executive_index_html_erb___3730542242153587768_70335962966000'
Started GET "/" for 127.0.0.1 at 2019-02-16 16:50:34 -0600
Processing by ExecutiveController#index as HTML
  Rendering executive/index.html.erb within layouts/application
  Rendered executive/index.html.erb within layouts/application (243.4ms)
Completed 500 Internal Server Error in 246ms (ActiveRecord: 0.0ms)


  
ActionView::Template::Error (undefined local variable or method `run' for #<#<Class:0x00007ff0bc2cc7c0>:0x00007ff0cdf840d8>):
    12:     <input type = "submit" value = "Submit">
    13:     <div id = "board"/>
    14:   </form>
    15:   <%= button_to 'Press me', run %>
    16:   <%= @m_rows %>
    17: </body>
    18: </html>
  
app/views/executive/index.html.erb:15:in `_app_views_executive_index_html_erb___3730542242153587768_70336112240520'
Started GET "/" for 127.0.0.1 at 2019-02-16 16:50:46 -0600
Processing by ExecutiveController#index as HTML
  Rendering executive/index.html.erb within layouts/application
  Rendered executive/index.html.erb within layouts/application (0.8ms)
Completed 200 OK in 24ms (Views: 21.8ms | ActiveRecord: 0.0ms)


Started POST "/run" for 127.0.0.1 at 2019-02-16 16:50:48 -0600
  
ActionController::RoutingError (No route matches [POST] "/run"):
  
actionpack (5.2.2) lib/action_dispatch/middleware/debug_exceptions.rb:65:in `call'
web-console (3.7.0) lib/web_console/middleware.rb:135:in `call_app'
web-console (3.7.0) lib/web_console/middleware.rb:30:in `block in call'
web-console (3.7.0) lib/web_console/middleware.rb:20:in `catch'
web-console (3.7.0) lib/web_console/middleware.rb:20:in `call'
actionpack (5.2.2) lib/action_dispatch/middleware/show_exceptions.rb:33:in `call'
railties (5.2.2) lib/rails/rack/logger.rb:38:in `call_app'
railties (5.2.2) lib/rails/rack/logger.rb:26:in `block in call'
activesupport (5.2.2) lib/active_support/tagged_logging.rb:71:in `block in tagged'
activesupport (5.2.2) lib/active_support/tagged_logging.rb:28:in `tagged'
activesupport (5.2.2) lib/active_support/tagged_logging.rb:71:in `tagged'
railties (5.2.2) lib/rails/rack/logger.rb:26:in `call'
sprockets-rails (3.2.1) lib/sprockets/rails/quiet_assets.rb:13:in `call'
actionpack (5.2.2) lib/action_dispatch/middleware/remote_ip.rb:81:in `call'
actionpack (5.2.2) lib/action_dispatch/middleware/request_id.rb:27:in `call'
rack (2.0.6) lib/rack/method_override.rb:22:in `call'
rack (2.0.6) lib/rack/runtime.rb:22:in `call'
activesupport (5.2.2) lib/active_support/cache/strategy/local_cache_middleware.rb:29:in `call'
actionpack (5.2.2) lib/action_dispatch/middleware/executor.rb:14:in `call'
actionpack (5.2.2) lib/action_dispatch/middleware/static.rb:127:in `call'
rack (2.0.6) lib/rack/sendfile.rb:111:in `call'
railties (5.2.2) lib/rails/engine.rb:524:in `call'
puma (3.12.0) lib/puma/configuration.rb:225:in `call'
puma (3.12.0) lib/puma/server.rb:658:in `handle_request'
puma (3.12.0) lib/puma/server.rb:472:in `process_client'
puma (3.12.0) lib/puma/server.rb:332:in `block in run'
puma (3.12.0) lib/puma/thread_pool.rb:133:in `block in spawn_thread'
Started GET "/" for 127.0.0.1 at 2019-02-16 18:55:05 -0600
Processing by ExecutiveController#index as HTML
  Rendering executive/index.html.erb within layouts/application
  Rendered executive/index.html.erb within layouts/application (1.0ms)
Completed 200 OK in 22ms (Views: 20.6ms | ActiveRecord: 0.0ms)


Started POST "/run" for 127.0.0.1 at 2019-02-16 18:55:06 -0600
Processing by ExecutiveController#run as HTML
  Parameters: {"authenticity_token"=>"51aEPBk5HFIHRDbRW92umxv9J8YEZOJb5C9XOwdkhn16sHWZaKrowUphNXDOjYEbb0VZqRYoASF7Ak/l2CbN3w=="}
  Rendering executive/run.html.erb within layouts/application
  Rendered executive/run.html.erb within layouts/application (0.5ms)
Completed 200 OK in 24ms (Views: 21.4ms | ActiveRecord: 0.0ms)


Started POST "/run" for 127.0.0.1 at 2019-02-16 18:55:54 -0600
Processing by ExecutiveController#run as HTML
  Parameters: {"authenticity_token"=>"51aEPBk5HFIHRDbRW92umxv9J8YEZOJb5C9XOwdkhn16sHWZaKrowUphNXDOjYEbb0VZqRYoASF7Ak/l2CbN3w=="}
  Rendering executive/run.html.erb within layouts/application
  Rendered executive/run.html.erb within layouts/application (0.6ms)
Completed 200 OK in 23ms (Views: 21.4ms | ActiveRecord: 0.0ms)


Started GET "/" for 127.0.0.1 at 2019-02-16 19:13:51 -0600
Processing by ExecutiveController#index as HTML
  Rendering executive/index.html.erb within layouts/application
  Rendered executive/index.html.erb within layouts/application (0.9ms)
Completed 200 OK in 39ms (Views: 38.2ms | ActiveRecord: 0.0ms)


Started POST "/game" for 127.0.0.1 at 2019-02-16 19:13:53 -0600
Processing by ExecutiveController#game as HTML
  Parameters: {"authenticity_token"=>"1JcMtsF+Gi3StP7WTeBPTraXJTNzbi/XX/gW+EQPfB9Jcf0TsO3uvp+R/XfYsGDOwi9bXGEizK3A1Q4mm003vQ=="}
  Rendering executive/game.html.erb within layouts/application
  Rendered executive/game.html.erb within layouts/application (3.2ms)
Completed 500 Internal Server Error in 6ms (ActiveRecord: 0.0ms)


  
ActionView::Template::Error (undefined method `times' for nil:NilClass):
     6:   <h1>Minesweeper</h1>
     7: 
     8:   <table>
     9:     <% @m_rows.times do %>
    10:       <tr>
    11:       <% @m_cols.times do %>
    12:         <td class="gameTile">
  
app/views/executive/game.html.erb:9:in `_app_views_executive_game_html_erb___4371227474475004328_70336103082400'
Started GET "/" for 127.0.0.1 at 2019-02-16 19:18:23 -0600
Processing by ExecutiveController#index as HTML
  Rendering executive/index.html.erb within layouts/application
  Rendered executive/index.html.erb within layouts/application (280.4ms)
Completed 500 Internal Server Error in 284ms (ActiveRecord: 0.0ms)


  
ActionView::Template::Error (undefined local variable or method `run_executive_path' for #<#<Class:0x00007ff0b807e350>:0x00007ff0b807c9d8>):
    12:     <input type = "submit" value = "Submit">
    13:     <div id = "board"/>
    14:   </form>
    15:   <%= button_to 'Press me', run_executive_path %>
    16:   <%= @m_rows %>
    17: </body>
    18: </html>
  
app/views/executive/index.html.erb:15:in `_app_views_executive_index_html_erb___3730542242153587768_70335928202680'
Started GET "/" for 127.0.0.1 at 2019-02-16 19:18:35 -0600
Processing by ExecutiveController#index as HTML
  Rendering executive/index.html.erb within layouts/application
  Rendered executive/index.html.erb within layouts/application (0.8ms)
Completed 200 OK in 27ms (Views: 25.9ms | ActiveRecord: 0.0ms)


Started POST "/game" for 127.0.0.1 at 2019-02-16 19:18:37 -0600
Processing by ExecutiveController#game as HTML
  Parameters: {"authenticity_token"=>"jS7NOwReBdgMG9P9+xm2S9BCiUQ+BHCsvXgq1IaCnjwQyDyedc3xS0E+0FxuSZnLpPr3KyxIk9YiVTIKWcDVng=="}
  Rendering executive/game.html.erb within layouts/application
  Rendered executive/game.html.erb within layouts/application (2.3ms)
Completed 500 Internal Server Error in 5ms (ActiveRecord: 0.0ms)


  
ActionView::Template::Error (undefined method `times' for nil:NilClass):
     6:   <h1>Minesweeper</h1>
     7: 
     8:   <table>
     9:     <% @m_rows.times do %>
    10:       <tr>
    11:       <% @m_cols.times do %>
    12:         <td class="gameTile">
  
app/views/executive/game.html.erb:9:in `_app_views_executive_game_html_erb___4371227474475004328_70336103368060'
Started GET "/" for 127.0.0.1 at 2019-02-16 19:21:28 -0600
Processing by ExecutiveController#index as HTML
  Rendering executive/index.html.erb within layouts/application
  Rendered executive/index.html.erb within layouts/application (0.8ms)
Completed 200 OK in 22ms (Views: 20.8ms | ActiveRecord: 0.0ms)


Started POST "/game" for 127.0.0.1 at 2019-02-16 19:21:30 -0600
Processing by ExecutiveController#game as HTML
  Parameters: {"authenticity_token"=>"yhQwR1aV8v4JxWhD44Og0q72R9YTPgJVplReel2cCoRX8sHiJwYGbUTga+J2049S2k45uQFy4S85eUakgt5BJg=="}
  Rendering executive/game.html.erb within layouts/application
  Rendered executive/game.html.erb within layouts/application (3.2ms)
Completed 500 Internal Server Error in 30ms (ActiveRecord: 0.0ms)


  
ActionView::Template::Error (undefined method `times' for nil:NilClass):
     6:   <h1>Minesweeper</h1>
     7: 
     8:   <table>
     9:     <% @m_rows.times do %>
    10:       <tr>
    11:       <% @m_cols.times do %>
    12:         <td class="gameTile">
  
app/views/executive/game.html.erb:9:in `_app_views_executive_game_html_erb___4371227474475004328_70335995195140'
Started POST "/game" for 127.0.0.1 at 2019-02-16 19:23:05 -0600
Processing by ExecutiveController#game as HTML
  Parameters: {"authenticity_token"=>"yhQwR1aV8v4JxWhD44Og0q72R9YTPgJVplReel2cCoRX8sHiJwYGbUTga+J2049S2k45uQFy4S85eUakgt5BJg=="}
  Rendering executive/game.html.erb within layouts/application
  Rendered executive/game.html.erb within layouts/application (1.7ms)
Completed 500 Internal Server Error in 6ms (ActiveRecord: 0.0ms)


  
ActionView::Template::Error (bad value for range):
     6:   <h1>Minesweeper</h1>
     7: 
     8:   <table>
     9:     <% (0..@mrows).step do |i| %>
    10:       <tr>
    11:       <% @m_cols.times do %>
    12:         <td class="gameTile">
  
app/views/executive/game.html.erb:9:in `_app_views_executive_game_html_erb___4371227474475004328_70335961728840'
Started POST "/game" for 127.0.0.1 at 2019-02-16 19:24:17 -0600
Processing by ExecutiveController#game as HTML
  Parameters: {"authenticity_token"=>"yhQwR1aV8v4JxWhD44Og0q72R9YTPgJVplReel2cCoRX8sHiJwYGbUTga+J2049S2k45uQFy4S85eUakgt5BJg=="}
  Rendering executive/game.html.erb within layouts/application
  Rendered executive/game.html.erb within layouts/application (3.5ms)
Completed 500 Internal Server Error in 8ms (ActiveRecord: 0.0ms)


  
ActionView::Template::Error (undefined method `times' for nil:NilClass):
     8:   <table>
     9:     <% (0..@mrows.to_i).step do |i| %>
    10:       <tr>
    11:       <% @m_cols.times do %>
    12:         <td class="gameTile">
    13:           0
    14:         </td>
  
app/views/executive/game.html.erb:11:in `block in _app_views_executive_game_html_erb___4371227474475004328_70336111433040'
app/views/executive/game.html.erb:9:in `_app_views_executive_game_html_erb___4371227474475004328_70336111433040'
Started POST "/game" for 127.0.0.1 at 2019-02-16 19:24:42 -0600
Processing by ExecutiveController#game as HTML
  Parameters: {"authenticity_token"=>"yhQwR1aV8v4JxWhD44Og0q72R9YTPgJVplReel2cCoRX8sHiJwYGbUTga+J2049S2k45uQFy4S85eUakgt5BJg=="}
  Rendering executive/game.html.erb within layouts/application
  Rendered executive/game.html.erb within layouts/application (0.9ms)
Completed 200 OK in 26ms (Views: 23.3ms | ActiveRecord: 0.0ms)


Started GET "/game" for 127.0.0.1 at 2019-02-16 19:25:20 -0600
  
ActionController::RoutingError (No route matches [GET] "/game"):
  
actionpack (5.2.2) lib/action_dispatch/middleware/debug_exceptions.rb:65:in `call'
web-console (3.7.0) lib/web_console/middleware.rb:135:in `call_app'
web-console (3.7.0) lib/web_console/middleware.rb:30:in `block in call'
web-console (3.7.0) lib/web_console/middleware.rb:20:in `catch'
web-console (3.7.0) lib/web_console/middleware.rb:20:in `call'
actionpack (5.2.2) lib/action_dispatch/middleware/show_exceptions.rb:33:in `call'
railties (5.2.2) lib/rails/rack/logger.rb:38:in `call_app'
railties (5.2.2) lib/rails/rack/logger.rb:26:in `block in call'
activesupport (5.2.2) lib/active_support/tagged_logging.rb:71:in `block in tagged'
activesupport (5.2.2) lib/active_support/tagged_logging.rb:28:in `tagged'
activesupport (5.2.2) lib/active_support/tagged_logging.rb:71:in `tagged'
railties (5.2.2) lib/rails/rack/logger.rb:26:in `call'
sprockets-rails (3.2.1) lib/sprockets/rails/quiet_assets.rb:13:in `call'
actionpack (5.2.2) lib/action_dispatch/middleware/remote_ip.rb:81:in `call'
actionpack (5.2.2) lib/action_dispatch/middleware/request_id.rb:27:in `call'
rack (2.0.6) lib/rack/method_override.rb:22:in `call'
rack (2.0.6) lib/rack/runtime.rb:22:in `call'
activesupport (5.2.2) lib/active_support/cache/strategy/local_cache_middleware.rb:29:in `call'
actionpack (5.2.2) lib/action_dispatch/middleware/executor.rb:14:in `call'
actionpack (5.2.2) lib/action_dispatch/middleware/static.rb:127:in `call'
rack (2.0.6) lib/rack/sendfile.rb:111:in `call'
railties (5.2.2) lib/rails/engine.rb:524:in `call'
puma (3.12.0) lib/puma/configuration.rb:225:in `call'
puma (3.12.0) lib/puma/server.rb:658:in `handle_request'
puma (3.12.0) lib/puma/server.rb:472:in `process_client'
puma (3.12.0) lib/puma/server.rb:332:in `block in run'
puma (3.12.0) lib/puma/thread_pool.rb:133:in `block in spawn_thread'
Started GET "/" for 127.0.0.1 at 2019-02-16 19:25:25 -0600
Processing by ExecutiveController#index as HTML
  Rendering executive/index.html.erb within layouts/application
  Rendered executive/index.html.erb within layouts/application (0.9ms)
Completed 200 OK in 26ms (Views: 24.9ms | ActiveRecord: 0.0ms)


Started POST "/game" for 127.0.0.1 at 2019-02-16 19:25:27 -0600
Processing by ExecutiveController#game as HTML
  Parameters: {"authenticity_token"=>"YB1yLrTOr/sooSPbk53JpPgFfNT/ucGPEM2tEzgfm1X9+4OLxV1baGWEIHoGzeYkjL0Cu+31IvWP4LXN513Q9w=="}
  Rendering executive/game.html.erb within layouts/application
  Rendered executive/game.html.erb within layouts/application (1.4ms)
Completed 200 OK in 30ms (Views: 28.7ms | ActiveRecord: 0.0ms)


Started GET "/game" for 127.0.0.1 at 2019-02-16 19:25:59 -0600
  
ActionController::RoutingError (No route matches [GET] "/game"):
  
actionpack (5.2.2) lib/action_dispatch/middleware/debug_exceptions.rb:65:in `call'
web-console (3.7.0) lib/web_console/middleware.rb:135:in `call_app'
web-console (3.7.0) lib/web_console/middleware.rb:30:in `block in call'
web-console (3.7.0) lib/web_console/middleware.rb:20:in `catch'
web-console (3.7.0) lib/web_console/middleware.rb:20:in `call'
actionpack (5.2.2) lib/action_dispatch/middleware/show_exceptions.rb:33:in `call'
railties (5.2.2) lib/rails/rack/logger.rb:38:in `call_app'
railties (5.2.2) lib/rails/rack/logger.rb:26:in `block in call'
activesupport (5.2.2) lib/active_support/tagged_logging.rb:71:in `block in tagged'
activesupport (5.2.2) lib/active_support/tagged_logging.rb:28:in `tagged'
activesupport (5.2.2) lib/active_support/tagged_logging.rb:71:in `tagged'
railties (5.2.2) lib/rails/rack/logger.rb:26:in `call'
sprockets-rails (3.2.1) lib/sprockets/rails/quiet_assets.rb:13:in `call'
actionpack (5.2.2) lib/action_dispatch/middleware/remote_ip.rb:81:in `call'
actionpack (5.2.2) lib/action_dispatch/middleware/request_id.rb:27:in `call'
rack (2.0.6) lib/rack/method_override.rb:22:in `call'
rack (2.0.6) lib/rack/runtime.rb:22:in `call'
activesupport (5.2.2) lib/active_support/cache/strategy/local_cache_middleware.rb:29:in `call'
actionpack (5.2.2) lib/action_dispatch/middleware/executor.rb:14:in `call'
actionpack (5.2.2) lib/action_dispatch/middleware/static.rb:127:in `call'
rack (2.0.6) lib/rack/sendfile.rb:111:in `call'
railties (5.2.2) lib/rails/engine.rb:524:in `call'
puma (3.12.0) lib/puma/configuration.rb:225:in `call'
puma (3.12.0) lib/puma/server.rb:658:in `handle_request'
puma (3.12.0) lib/puma/server.rb:472:in `process_client'
puma (3.12.0) lib/puma/server.rb:332:in `block in run'
puma (3.12.0) lib/puma/thread_pool.rb:133:in `block in spawn_thread'
Started GET "/" for 127.0.0.1 at 2019-02-16 19:26:02 -0600
Processing by ExecutiveController#index as HTML
  Rendering executive/index.html.erb within layouts/application
  Rendered executive/index.html.erb within layouts/application (0.8ms)
Completed 200 OK in 23ms (Views: 21.6ms | ActiveRecord: 0.0ms)


Started POST "/game" for 127.0.0.1 at 2019-02-16 19:26:04 -0600
Processing by ExecutiveController#game as HTML
  Parameters: {"authenticity_token"=>"007GmCSejWsnPJaptHSp/4+cvu6C4QSlWxp5zsdvP6dOqDc9VQ15+GoZlQghJIZ/+yTAgZCt59/EN2EQGC10BQ=="}
  Rendering executive/game.html.erb within layouts/application
  Rendered executive/game.html.erb within layouts/application (1.0ms)
Completed 200 OK in 32ms (Views: 30.5ms | ActiveRecord: 0.0ms)


Started GET "/game" for 127.0.0.1 at 2019-02-16 19:26:35 -0600
  
ActionController::RoutingError (No route matches [GET] "/game"):
  
actionpack (5.2.2) lib/action_dispatch/middleware/debug_exceptions.rb:65:in `call'
web-console (3.7.0) lib/web_console/middleware.rb:135:in `call_app'
web-console (3.7.0) lib/web_console/middleware.rb:30:in `block in call'
web-console (3.7.0) lib/web_console/middleware.rb:20:in `catch'
web-console (3.7.0) lib/web_console/middleware.rb:20:in `call'
actionpack (5.2.2) lib/action_dispatch/middleware/show_exceptions.rb:33:in `call'
railties (5.2.2) lib/rails/rack/logger.rb:38:in `call_app'
railties (5.2.2) lib/rails/rack/logger.rb:26:in `block in call'
activesupport (5.2.2) lib/active_support/tagged_logging.rb:71:in `block in tagged'
activesupport (5.2.2) lib/active_support/tagged_logging.rb:28:in `tagged'
activesupport (5.2.2) lib/active_support/tagged_logging.rb:71:in `tagged'
railties (5.2.2) lib/rails/rack/logger.rb:26:in `call'
sprockets-rails (3.2.1) lib/sprockets/rails/quiet_assets.rb:13:in `call'
actionpack (5.2.2) lib/action_dispatch/middleware/remote_ip.rb:81:in `call'
actionpack (5.2.2) lib/action_dispatch/middleware/request_id.rb:27:in `call'
rack (2.0.6) lib/rack/method_override.rb:22:in `call'
rack (2.0.6) lib/rack/runtime.rb:22:in `call'
activesupport (5.2.2) lib/active_support/cache/strategy/local_cache_middleware.rb:29:in `call'
actionpack (5.2.2) lib/action_dispatch/middleware/executor.rb:14:in `call'
actionpack (5.2.2) lib/action_dispatch/middleware/static.rb:127:in `call'
rack (2.0.6) lib/rack/sendfile.rb:111:in `call'
railties (5.2.2) lib/rails/engine.rb:524:in `call'
puma (3.12.0) lib/puma/configuration.rb:225:in `call'
puma (3.12.0) lib/puma/server.rb:658:in `handle_request'
puma (3.12.0) lib/puma/server.rb:472:in `process_client'
puma (3.12.0) lib/puma/server.rb:332:in `block in run'
puma (3.12.0) lib/puma/thread_pool.rb:133:in `block in spawn_thread'
Started GET "/" for 127.0.0.1 at 2019-02-16 19:26:42 -0600
Processing by ExecutiveController#index as HTML
  Rendering executive/index.html.erb within layouts/application
  Rendered executive/index.html.erb within layouts/application (0.8ms)
Completed 200 OK in 26ms (Views: 24.4ms | ActiveRecord: 0.0ms)


Started POST "/game" for 127.0.0.1 at 2019-02-16 19:26:43 -0600
Processing by ExecutiveController#game as HTML
  Parameters: {"authenticity_token"=>"irOrs1CWfP+d+gbfja2nlYko/DAi/+cOSPWxVfwPObgXVVoWIQWIbNDfBX4Y/YgV/ZCCXzCzBHTX2KmLI01yGg=="}
  Rendering executive/game.html.erb within layouts/application
  Rendered executive/game.html.erb within layouts/application (1.5ms)
Completed 200 OK in 26ms (Views: 24.4ms | ActiveRecord: 0.0ms)


Started GET "/" for 127.0.0.1 at 2019-02-16 19:28:03 -0600
Processing by ExecutiveController#index as HTML
  Rendering executive/index.html.erb within layouts/application
  Rendered executive/index.html.erb within layouts/application (0.8ms)
Completed 200 OK in 30ms (Views: 28.9ms | ActiveRecord: 0.0ms)


Started GET "/" for 127.0.0.1 at 2019-02-16 19:28:12 -0600
Processing by ExecutiveController#index as HTML
  Rendering executive/index.html.erb within layouts/application
  Rendered executive/index.html.erb within layouts/application (0.9ms)
Completed 200 OK in 29ms (Views: 28.4ms | ActiveRecord: 0.0ms)


Started POST "/game" for 127.0.0.1 at 2019-02-16 19:28:22 -0600
Processing by ExecutiveController#game as HTML
  Parameters: {"authenticity_token"=>"pFq6DECHEUl8SgH32ZQ30gtdSgJZo3aHQxPhai5xHx45vEupMRTl2jFvAlZMxBhSf+U0bUvvlf3cPvm08TNUvA=="}
  Rendering executive/game.html.erb within layouts/application
  Rendered executive/game.html.erb within layouts/application (1.1ms)
Completed 200 OK in 37ms (Views: 35.4ms | ActiveRecord: 0.0ms)


Started POST "/game" for 127.0.0.1 at 2019-02-16 19:28:49 -0600
Processing by ExecutiveController#game as HTML
  Parameters: {"authenticity_token"=>"3YOxzHJbJkyBF/KdDg+bKG/Nok74A8EPQzd5NXsvt+hAZUBpA8jS38wy8TybX7SoG3XcIepPInXcGmHrpG38Sg=="}
  Rendering executive/game.html.erb within layouts/application
  Rendered executive/game.html.erb within layouts/application (1.0ms)
Completed 200 OK in 25ms (Views: 23.8ms | ActiveRecord: 0.0ms)


Started GET "/" for 127.0.0.1 at 2019-02-16 19:29:38 -0600
Processing by ExecutiveController#index as HTML
  Rendering executive/index.html.erb within layouts/application
  Rendered executive/index.html.erb within layouts/application (0.8ms)
Completed 200 OK in 21ms (Views: 20.1ms | ActiveRecord: 0.0ms)


Started GET "/" for 127.0.0.1 at 2019-02-16 19:30:27 -0600
Processing by ExecutiveController#index as HTML
  Rendering executive/index.html.erb within layouts/application
  Rendered executive/index.html.erb within layouts/application (1.1ms)
Completed 200 OK in 23ms (Views: 22.1ms | ActiveRecord: 0.0ms)


Started POST "/game" for 127.0.0.1 at 2019-02-16 19:30:30 -0600
Processing by ExecutiveController#game as HTML
  Parameters: {"authenticity_token"=>"E4IptI26MiD8xRlehcT5zi7EheWPiU1aufTIL6k2fnmOZNgR/CnGs7HgGv8QlNZOWnz7ip3FriAm2dDxdnQ12w=="}
  Rendering executive/game.html.erb within layouts/application
  Rendered executive/game.html.erb within layouts/application (1.5ms)
Completed 200 OK in 29ms (Views: 27.6ms | ActiveRecord: 0.0ms)


Started GET "/game" for 127.0.0.1 at 2019-02-16 19:31:24 -0600
  
ActionController::RoutingError (No route matches [GET] "/game"):
  
actionpack (5.2.2) lib/action_dispatch/middleware/debug_exceptions.rb:65:in `call'
web-console (3.7.0) lib/web_console/middleware.rb:135:in `call_app'
web-console (3.7.0) lib/web_console/middleware.rb:30:in `block in call'
web-console (3.7.0) lib/web_console/middleware.rb:20:in `catch'
web-console (3.7.0) lib/web_console/middleware.rb:20:in `call'
actionpack (5.2.2) lib/action_dispatch/middleware/show_exceptions.rb:33:in `call'
railties (5.2.2) lib/rails/rack/logger.rb:38:in `call_app'
railties (5.2.2) lib/rails/rack/logger.rb:26:in `block in call'
activesupport (5.2.2) lib/active_support/tagged_logging.rb:71:in `block in tagged'
activesupport (5.2.2) lib/active_support/tagged_logging.rb:28:in `tagged'
activesupport (5.2.2) lib/active_support/tagged_logging.rb:71:in `tagged'
railties (5.2.2) lib/rails/rack/logger.rb:26:in `call'
sprockets-rails (3.2.1) lib/sprockets/rails/quiet_assets.rb:13:in `call'
actionpack (5.2.2) lib/action_dispatch/middleware/remote_ip.rb:81:in `call'
actionpack (5.2.2) lib/action_dispatch/middleware/request_id.rb:27:in `call'
rack (2.0.6) lib/rack/method_override.rb:22:in `call'
rack (2.0.6) lib/rack/runtime.rb:22:in `call'
activesupport (5.2.2) lib/active_support/cache/strategy/local_cache_middleware.rb:29:in `call'
actionpack (5.2.2) lib/action_dispatch/middleware/executor.rb:14:in `call'
actionpack (5.2.2) lib/action_dispatch/middleware/static.rb:127:in `call'
rack (2.0.6) lib/rack/sendfile.rb:111:in `call'
railties (5.2.2) lib/rails/engine.rb:524:in `call'
puma (3.12.0) lib/puma/configuration.rb:225:in `call'
puma (3.12.0) lib/puma/server.rb:658:in `handle_request'
puma (3.12.0) lib/puma/server.rb:472:in `process_client'
puma (3.12.0) lib/puma/server.rb:332:in `block in run'
puma (3.12.0) lib/puma/thread_pool.rb:133:in `block in spawn_thread'
Started GET "/" for 127.0.0.1 at 2019-02-16 19:31:31 -0600
Processing by ExecutiveController#index as HTML
  Rendering executive/index.html.erb within layouts/application
  Rendered executive/index.html.erb within layouts/application (0.9ms)
Completed 200 OK in 39ms (Views: 36.8ms | ActiveRecord: 0.0ms)


Started POST "/game" for 127.0.0.1 at 2019-02-16 19:31:32 -0600
Processing by ExecutiveController#game as HTML
  Parameters: {"authenticity_token"=>"BCohVG54ipr+dQzVttRhS5KiVZlclpnfIcQft/Zu8MuZzNDxH+t+CbNQD3QjhE7L5hor9k7aeqW+6QdpKSy7aQ=="}
  Rendering executive/game.html.erb within layouts/application
  Rendered executive/game.html.erb within layouts/application (1.8ms)
Completed 200 OK in 34ms (Views: 32.1ms | ActiveRecord: 0.0ms)


Started GET "/game" for 127.0.0.1 at 2019-02-16 19:36:25 -0600
  
ActionController::RoutingError (No route matches [GET] "/game"):
  
actionpack (5.2.2) lib/action_dispatch/middleware/debug_exceptions.rb:65:in `call'
web-console (3.7.0) lib/web_console/middleware.rb:135:in `call_app'
web-console (3.7.0) lib/web_console/middleware.rb:30:in `block in call'
web-console (3.7.0) lib/web_console/middleware.rb:20:in `catch'
web-console (3.7.0) lib/web_console/middleware.rb:20:in `call'
actionpack (5.2.2) lib/action_dispatch/middleware/show_exceptions.rb:33:in `call'
railties (5.2.2) lib/rails/rack/logger.rb:38:in `call_app'
railties (5.2.2) lib/rails/rack/logger.rb:26:in `block in call'
activesupport (5.2.2) lib/active_support/tagged_logging.rb:71:in `block in tagged'
activesupport (5.2.2) lib/active_support/tagged_logging.rb:28:in `tagged'
activesupport (5.2.2) lib/active_support/tagged_logging.rb:71:in `tagged'
railties (5.2.2) lib/rails/rack/logger.rb:26:in `call'
sprockets-rails (3.2.1) lib/sprockets/rails/quiet_assets.rb:13:in `call'
actionpack (5.2.2) lib/action_dispatch/middleware/remote_ip.rb:81:in `call'
actionpack (5.2.2) lib/action_dispatch/middleware/request_id.rb:27:in `call'
rack (2.0.6) lib/rack/method_override.rb:22:in `call'
rack (2.0.6) lib/rack/runtime.rb:22:in `call'
activesupport (5.2.2) lib/active_support/cache/strategy/local_cache_middleware.rb:29:in `call'
actionpack (5.2.2) lib/action_dispatch/middleware/executor.rb:14:in `call'
actionpack (5.2.2) lib/action_dispatch/middleware/static.rb:127:in `call'
rack (2.0.6) lib/rack/sendfile.rb:111:in `call'
railties (5.2.2) lib/rails/engine.rb:524:in `call'
puma (3.12.0) lib/puma/configuration.rb:225:in `call'
puma (3.12.0) lib/puma/server.rb:658:in `handle_request'
puma (3.12.0) lib/puma/server.rb:472:in `process_client'
puma (3.12.0) lib/puma/server.rb:332:in `block in run'
puma (3.12.0) lib/puma/thread_pool.rb:133:in `block in spawn_thread'
Started GET "/" for 127.0.0.1 at 2019-02-16 19:36:29 -0600
Processing by ExecutiveController#index as HTML
  Rendering executive/index.html.erb within layouts/application
  Rendered executive/index.html.erb within layouts/application (1.0ms)
Completed 200 OK in 23ms (Views: 22.0ms | ActiveRecord: 0.0ms)


Started POST "/game" for 127.0.0.1 at 2019-02-16 19:36:31 -0600
Processing by ExecutiveController#game as HTML
  Parameters: {"authenticity_token"=>"EfUQkg4NOGYxKYZS5qc3Yrt4DfDqRx7fMjqsACxZfquME+E3f57M9XwMhfNz9xjiz8Bzn/gL/aWtF7Te8xs1CQ=="}
  Rendering executive/game.html.erb within layouts/application
  Rendered executive/game.html.erb within layouts/application (142.0ms)
Completed 500 Internal Server Error in 146ms (ActiveRecord: 0.0ms)


  
ActionView::Template::Error (undefined method `leftClick' for #<#<Class:0x00007ff0c0615298>:0x00007ff0c0501730>):
    11:       <tr>
    12:       <% (0..@m_cols.to_i).each do |j|  %>
    13:         <td class="gameTile">
    14:           <%= button "0", leftClick(i, j) %>
    15:         </td>
    16:       <% end %>
    17:       </tr>
  
app/views/executive/game.html.erb:14:in `block (2 levels) in _app_views_executive_game_html_erb___4371227474475004328_70335997677760'
app/views/executive/game.html.erb:12:in `block in _app_views_executive_game_html_erb___4371227474475004328_70335997677760'
app/views/executive/game.html.erb:10:in `_app_views_executive_game_html_erb___4371227474475004328_70335997677760'
Started POST "/game" for 127.0.0.1 at 2019-02-16 19:42:31 -0600
Processing by ExecutiveController#game as HTML
  Parameters: {"authenticity_token"=>"EfUQkg4NOGYxKYZS5qc3Yrt4DfDqRx7fMjqsACxZfquME+E3f57M9XwMhfNz9xjiz8Bzn/gL/aWtF7Te8xs1CQ=="}
  Rendering executive/game.html.erb within layouts/application
  Rendered executive/game.html.erb within layouts/application (139.1ms)
Completed 500 Internal Server Error in 142ms (ActiveRecord: 0.0ms)


  
ActionView::Template::Error (undefined method `leftClick_path' for #<#<Class:0x00007ff0c0615298>:0x00007ff0b85d1fa0>):
    11:       <tr>
    12:       <% (0..@m_cols.to_i).each do |j|  %>
    13:         <td class="gameTile">
    14:           <%= button "0", leftClick_path(i, j) %>
    15:         </td>
    16:       <% end %>
    17:       </tr>
  
app/views/executive/game.html.erb:14:in `block (2 levels) in _app_views_executive_game_html_erb___4371227474475004328_70335930995940'
app/views/executive/game.html.erb:12:in `block in _app_views_executive_game_html_erb___4371227474475004328_70335930995940'
app/views/executive/game.html.erb:10:in `_app_views_executive_game_html_erb___4371227474475004328_70335930995940'
Started POST "/game" for 127.0.0.1 at 2019-02-16 19:44:54 -0600
Processing by ExecutiveController#game as HTML
  Parameters: {"authenticity_token"=>"EfUQkg4NOGYxKYZS5qc3Yrt4DfDqRx7fMjqsACxZfquME+E3f57M9XwMhfNz9xjiz8Bzn/gL/aWtF7Te8xs1CQ=="}
  Rendering executive/game.html.erb within layouts/application
  Rendered executive/game.html.erb within layouts/application (150.7ms)
Completed 500 Internal Server Error in 156ms (ActiveRecord: 0.0ms)


  
ActionView::Template::Error (undefined method `leftClick' for #<#<Class:0x00007ff0c0615298>:0x00007ff0bc02c678>):
    11:       <tr>
    12:       <% @m_cols.to_i.times do |j|  %>
    13:         <td class="gameTile">
    14:           <%= button "0", leftClick(i, j) %>
    15:         </td>
    16:       <% end %>
    17:       </tr>
  
app/views/executive/game.html.erb:14:in `block (2 levels) in _app_views_executive_game_html_erb___4371227474475004328_70335961589860'
app/views/executive/game.html.erb:12:in `times'
app/views/executive/game.html.erb:12:in `block in _app_views_executive_game_html_erb___4371227474475004328_70335961589860'
app/views/executive/game.html.erb:10:in `times'
app/views/executive/game.html.erb:10:in `_app_views_executive_game_html_erb___4371227474475004328_70335961589860'
Started POST "/game" for 127.0.0.1 at 2019-02-16 19:45:10 -0600
Processing by ExecutiveController#game as HTML
  Parameters: {"authenticity_token"=>"EfUQkg4NOGYxKYZS5qc3Yrt4DfDqRx7fMjqsACxZfquME+E3f57M9XwMhfNz9xjiz8Bzn/gL/aWtF7Te8xs1CQ=="}
  Rendering executive/game.html.erb within layouts/application
  Rendered executive/game.html.erb within layouts/application (247.4ms)
Completed 500 Internal Server Error in 252ms (ActiveRecord: 0.0ms)


  
ActionView::Template::Error (undefined local variable or method `i' for #<#<Class:0x00007ff0c0615298>:0x00007ff0bc1c8270>):
    11:       <tr>
    12:       <% @m_cols.to_i.times do %>
    13:         <td class="gameTile">
    14:           <%= button "0", leftClick(i, j) %>
    15:         </td>
    16:       <% end %>
    17:       </tr>
  
app/views/executive/game.html.erb:14:in `block (2 levels) in _app_views_executive_game_html_erb___4371227474475004328_70335962433440'
app/views/executive/game.html.erb:12:in `times'
app/views/executive/game.html.erb:12:in `block in _app_views_executive_game_html_erb___4371227474475004328_70335962433440'
app/views/executive/game.html.erb:10:in `times'
app/views/executive/game.html.erb:10:in `_app_views_executive_game_html_erb___4371227474475004328_70335962433440'
Started POST "/game" for 127.0.0.1 at 2019-02-16 19:45:30 -0600
Processing by ExecutiveController#game as HTML
  Parameters: {"authenticity_token"=>"EfUQkg4NOGYxKYZS5qc3Yrt4DfDqRx7fMjqsACxZfquME+E3f57M9XwMhfNz9xjiz8Bzn/gL/aWtF7Te8xs1CQ=="}
  Rendering executive/game.html.erb within layouts/application
  Rendered executive/game.html.erb within layouts/application (335.9ms)
Completed 500 Internal Server Error in 339ms (ActiveRecord: 0.0ms)


  
ActionView::Template::Error (undefined local variable or method `i' for #<#<Class:0x00007ff0c0615298>:0x00007ff0cd558a28>):
    11:       <tr>
    12:       <% @m_cols.to_i.times do %>
    13:         <td class="gameTile">
    14:           <%= button "0", leftClick(i, j) %>
    15:         </td>
    16:       <% end %>
    17:       </tr>
  
app/views/executive/game.html.erb:14:in `block (2 levels) in _app_views_executive_game_html_erb___4371227474475004328_70336106910100'
app/views/executive/game.html.erb:12:in `times'
app/views/executive/game.html.erb:12:in `block in _app_views_executive_game_html_erb___4371227474475004328_70336106910100'
app/views/executive/game.html.erb:10:in `times'
app/views/executive/game.html.erb:10:in `_app_views_executive_game_html_erb___4371227474475004328_70336106910100'
Started POST "/game" for 127.0.0.1 at 2019-02-16 19:45:36 -0600
Processing by ExecutiveController#game as HTML
  Parameters: {"authenticity_token"=>"EfUQkg4NOGYxKYZS5qc3Yrt4DfDqRx7fMjqsACxZfquME+E3f57M9XwMhfNz9xjiz8Bzn/gL/aWtF7Te8xs1CQ=="}
  Rendering executive/game.html.erb within layouts/application
  Rendered executive/game.html.erb within layouts/application (271.3ms)
Completed 500 Internal Server Error in 277ms (ActiveRecord: 0.0ms)


  
ActionView::Template::Error (undefined local variable or method `leftClick' for #<#<Class:0x00007ff0c0615298>:0x00007ff0cdcc51f8>):
    11:       <tr>
    12:       <% @m_cols.to_i.times do %>
    13:         <td class="gameTile">
    14:           <%= button "0", leftClick %>
    15:         </td>
    16:       <% end %>
    17:       </tr>
  
app/views/executive/game.html.erb:14:in `block (2 levels) in _app_views_executive_game_html_erb___4371227474475004328_70336110800420'
app/views/executive/game.html.erb:12:in `times'
app/views/executive/game.html.erb:12:in `block in _app_views_executive_game_html_erb___4371227474475004328_70336110800420'
app/views/executive/game.html.erb:10:in `times'
app/views/executive/game.html.erb:10:in `_app_views_executive_game_html_erb___4371227474475004328_70336110800420'
Started POST "/game" for 127.0.0.1 at 2019-02-16 19:49:33 -0600
Processing by ExecutiveController#game as HTML
  Parameters: {"authenticity_token"=>"EfUQkg4NOGYxKYZS5qc3Yrt4DfDqRx7fMjqsACxZfquME+E3f57M9XwMhfNz9xjiz8Bzn/gL/aWtF7Te8xs1CQ=="}
  Rendering executive/game.html.erb within layouts/application
  Rendered executive/game.html.erb within layouts/application (144.7ms)
Completed 500 Internal Server Error in 149ms (ActiveRecord: 0.0ms)


  
ActionView::Template::Error (undefined method `leftClick' for #<#<Class:0x00007ff0c0615298>:0x00007ff0cccb1a28>):
    11:       <tr>
    12:       <% @m_cols.to_i.times do %>
    13:         <td class="gameTile">
    14:           <%= button "0", leftClick(0,0) %>
    15:         </td>
    16:       <% end %>
    17:       </tr>
  
app/views/executive/game.html.erb:14:in `block (2 levels) in _app_views_executive_game_html_erb___4371227474475004328_70336102373480'
app/views/executive/game.html.erb:12:in `times'
app/views/executive/game.html.erb:12:in `block in _app_views_executive_game_html_erb___4371227474475004328_70336102373480'
app/views/executive/game.html.erb:10:in `times'
app/views/executive/game.html.erb:10:in `_app_views_executive_game_html_erb___4371227474475004328_70336102373480'
Started POST "/game" for 127.0.0.1 at 2019-02-16 20:28:46 -0600
Processing by ExecutiveController#game as HTML
  Parameters: {"authenticity_token"=>"EfUQkg4NOGYxKYZS5qc3Yrt4DfDqRx7fMjqsACxZfquME+E3f57M9XwMhfNz9xjiz8Bzn/gL/aWtF7Te8xs1CQ=="}
  Rendering executive/game.html.erb within layouts/application
  Rendered executive/game.html.erb within layouts/application (1.4ms)
Completed 200 OK in 33ms (Views: 31.4ms | ActiveRecord: 0.0ms)


